  [1m[35m (348.3ms)[0m  [1m[35mCREATE DATABASE "rm-core_development" ENCODING = 'unicode'[0m
  ↳ /home/user/.rvm/gems/ruby-2.5.0/bin/rake:23
  [1m[35m (262.6ms)[0m  [1m[35mCREATE DATABASE "rm-core_test" ENCODING = 'unicode'[0m
  ↳ /home/user/.rvm/gems/ruby-2.5.0/bin/rake:23
  [1m[35m (10.3ms)[0m  [1m[35mCREATE TABLE "schema_migrations" ("version" character varying NOT NULL PRIMARY KEY)[0m
  ↳ /home/user/.rvm/gems/ruby-2.5.0/bin/rake:23
  [1m[35m (7.1ms)[0m  [1m[35mCREATE TABLE "ar_internal_metadata" ("key" character varying NOT NULL PRIMARY KEY, "value" character varying, "created_at" timestamp NOT NULL, "updated_at" timestamp NOT NULL)[0m
  ↳ /home/user/.rvm/gems/ruby-2.5.0/bin/rake:23
  [1m[35m (0.2ms)[0m  [1m[34mSELECT pg_try_advisory_lock(183433531958537910)[0m
  ↳ /home/user/.rvm/gems/ruby-2.5.0/bin/rake:23
  [1m[35m (0.4ms)[0m  [1m[34mSELECT "schema_migrations"."version" FROM "schema_migrations" ORDER BY "schema_migrations"."version" ASC[0m
  ↳ /home/user/.rvm/gems/ruby-2.5.0/bin/rake:23
Migrating to CreateGroups (20190813100008)
  [1m[35m (0.1ms)[0m  [1m[35mBEGIN[0m
  ↳ /home/user/.rvm/gems/ruby-2.5.0/bin/rake:23
  [1m[35m (6.6ms)[0m  [1m[35mCREATE TABLE "groups" ("id" bigserial primary key, "name" character varying NOT NULL, "created_at" timestamp NOT NULL, "updated_at" timestamp NOT NULL)[0m
  ↳ db/migrate/20190813100008_create_groups.rb:5
  [1m[36mActiveRecord::SchemaMigration Create (0.5ms)[0m  [1m[32mINSERT INTO "schema_migrations" ("version") VALUES ($1) RETURNING "version"[0m  [["version", "20190813100008"]]
  ↳ /home/user/.rvm/gems/ruby-2.5.0/bin/rake:23
  [1m[35m (1.0ms)[0m  [1m[35mCOMMIT[0m
  ↳ /home/user/.rvm/gems/ruby-2.5.0/bin/rake:23
Migrating to CreateGroupsUsers (20190813100239)
  [1m[35m (0.1ms)[0m  [1m[35mBEGIN[0m
  ↳ /home/user/.rvm/gems/ruby-2.5.0/bin/rake:23
  [1m[35m (3.4ms)[0m  [1m[35mCREATE TABLE "groups_users" ("id" bigserial primary key, "user_id" bigint, "group_id" bigint, "created_at" timestamp NOT NULL, "updated_at" timestamp NOT NULL)[0m
  ↳ db/migrate/20190813100239_create_groups_users.rb:5
  [1m[35m (2.6ms)[0m  [1m[35mCREATE  INDEX  "index_groups_users_on_user_id" ON "groups_users"  ("user_id")[0m
  ↳ db/migrate/20190813100239_create_groups_users.rb:5
  [1m[35m (2.8ms)[0m  [1m[35mCREATE  INDEX  "index_groups_users_on_group_id" ON "groups_users"  ("group_id")[0m
  ↳ db/migrate/20190813100239_create_groups_users.rb:5
  [1m[36mActiveRecord::SchemaMigration Create (0.1ms)[0m  [1m[32mINSERT INTO "schema_migrations" ("version") VALUES ($1) RETURNING "version"[0m  [["version", "20190813100239"]]
  ↳ /home/user/.rvm/gems/ruby-2.5.0/bin/rake:23
  [1m[35m (1.0ms)[0m  [1m[35mCOMMIT[0m
  ↳ /home/user/.rvm/gems/ruby-2.5.0/bin/rake:23
Migrating to CreateUsers (20190813101532)
  [1m[35m (0.1ms)[0m  [1m[35mBEGIN[0m
  ↳ /home/user/.rvm/gems/ruby-2.5.0/bin/rake:23
  [1m[35m (5.2ms)[0m  [1m[35mCREATE TABLE "users" ("id" bigserial primary key, "first_name" character varying NOT NULL, "last_name" character varying NOT NULL, "salary_cents" integer DEFAULT 0, "active" boolean DEFAULT TRUE NOT NULL, "created_at" timestamp NOT NULL, "updated_at" timestamp NOT NULL)[0m
  ↳ db/migrate/20190813101532_create_users.rb:5
  [1m[36mActiveRecord::SchemaMigration Create (0.2ms)[0m  [1m[32mINSERT INTO "schema_migrations" ("version") VALUES ($1) RETURNING "version"[0m  [["version", "20190813101532"]]
  ↳ /home/user/.rvm/gems/ruby-2.5.0/bin/rake:23
  [1m[35m (1.2ms)[0m  [1m[35mCOMMIT[0m
  ↳ /home/user/.rvm/gems/ruby-2.5.0/bin/rake:23
Migrating to AddDeviseToUsers (20190813101536)
  [1m[35m (0.2ms)[0m  [1m[35mBEGIN[0m
  ↳ /home/user/.rvm/gems/ruby-2.5.0/bin/rake:23
  [1m[35m (0.3ms)[0m  [1m[35mALTER TABLE "users" ADD "email" character varying DEFAULT '' NOT NULL[0m
  ↳ db/migrate/20190813101536_add_devise_to_users.rb:7
  [1m[35m (0.3ms)[0m  [1m[35mALTER TABLE "users" ADD "encrypted_password" character varying DEFAULT '' NOT NULL[0m
  ↳ db/migrate/20190813101536_add_devise_to_users.rb:8
  [1m[35m (0.2ms)[0m  [1m[35mALTER TABLE "users" ADD "reset_password_token" character varying[0m
  ↳ db/migrate/20190813101536_add_devise_to_users.rb:11
  [1m[35m (0.2ms)[0m  [1m[35mALTER TABLE "users" ADD "reset_password_sent_at" timestamp[0m
  ↳ db/migrate/20190813101536_add_devise_to_users.rb:12
  [1m[35m (0.2ms)[0m  [1m[35mALTER TABLE "users" ADD "remember_created_at" timestamp[0m
  ↳ db/migrate/20190813101536_add_devise_to_users.rb:15
  [1m[35m (2.5ms)[0m  [1m[35mCREATE UNIQUE INDEX  "index_users_on_email" ON "users"  ("email")[0m
  ↳ db/migrate/20190813101536_add_devise_to_users.rb:39
  [1m[35m (2.6ms)[0m  [1m[35mCREATE UNIQUE INDEX  "index_users_on_reset_password_token" ON "users"  ("reset_password_token")[0m
  ↳ db/migrate/20190813101536_add_devise_to_users.rb:40
  [1m[36mActiveRecord::SchemaMigration Create (0.2ms)[0m  [1m[32mINSERT INTO "schema_migrations" ("version") VALUES ($1) RETURNING "version"[0m  [["version", "20190813101536"]]
  ↳ /home/user/.rvm/gems/ruby-2.5.0/bin/rake:23
  [1m[35m (1.0ms)[0m  [1m[35mCOMMIT[0m
  ↳ /home/user/.rvm/gems/ruby-2.5.0/bin/rake:23
  [1m[36mActiveRecord::InternalMetadata Load (0.2ms)[0m  [1m[34mSELECT  "ar_internal_metadata".* FROM "ar_internal_metadata" WHERE "ar_internal_metadata"."key" = $1 LIMIT $2[0m  [["key", "environment"], ["LIMIT", 1]]
  ↳ /home/user/.rvm/gems/ruby-2.5.0/bin/rake:23
  [1m[35m (0.1ms)[0m  [1m[35mBEGIN[0m
  ↳ /home/user/.rvm/gems/ruby-2.5.0/bin/rake:23
  [1m[36mActiveRecord::InternalMetadata Create (0.3ms)[0m  [1m[32mINSERT INTO "ar_internal_metadata" ("key", "value", "created_at", "updated_at") VALUES ($1, $2, $3, $4) RETURNING "key"[0m  [["key", "environment"], ["value", "development"], ["created_at", "2019-08-14 09:52:23.313486"], ["updated_at", "2019-08-14 09:52:23.313486"]]
  ↳ /home/user/.rvm/gems/ruby-2.5.0/bin/rake:23
  [1m[35m (1.1ms)[0m  [1m[35mCOMMIT[0m
  ↳ /home/user/.rvm/gems/ruby-2.5.0/bin/rake:23
  [1m[35m (0.1ms)[0m  [1m[34mSELECT pg_advisory_unlock(183433531958537910)[0m
  ↳ /home/user/.rvm/gems/ruby-2.5.0/bin/rake:23
  [1m[35m (0.1ms)[0m  [1m[34mSELECT "schema_migrations"."version" FROM "schema_migrations" ORDER BY "schema_migrations"."version" ASC[0m
  ↳ /home/user/.rvm/gems/ruby-2.5.0/bin/rake:23
  [1m[35m (941.7ms)[0m  [1m[35mCREATE DATABASE "rm-core_development" ENCODING = 'unicode'[0m
  ↳ /home/user/.rvm/gems/ruby-2.5.0/bin/rake:23
  [1m[35m (0.3ms)[0m  [1m[35mCREATE DATABASE "rm-core_development" ENCODING = 'unicode'[0m
  ↳ /home/user/.rvm/gems/ruby-2.5.0/bin/rake:23
  [1m[35m (792.8ms)[0m  [1m[35mCREATE DATABASE "rm-core_test" ENCODING = 'unicode'[0m
  ↳ /home/user/.rvm/gems/ruby-2.5.0/bin/rake:23
  [1m[35m (175.8ms)[0m  [1m[35mCREATE TABLE "schema_migrations" ("version" character varying NOT NULL PRIMARY KEY)[0m
  ↳ /home/user/.rvm/gems/ruby-2.5.0/bin/rake:23
  [1m[35m (115.1ms)[0m  [1m[35mCREATE TABLE "ar_internal_metadata" ("key" character varying NOT NULL PRIMARY KEY, "value" character varying, "created_at" timestamp NOT NULL, "updated_at" timestamp NOT NULL)[0m
  ↳ /home/user/.rvm/gems/ruby-2.5.0/bin/rake:23
  [1m[35m (1.0ms)[0m  [1m[34mSELECT pg_try_advisory_lock(183433531958537910)[0m
  ↳ /home/user/.rvm/gems/ruby-2.5.0/bin/rake:23
  [1m[35m (0.5ms)[0m  [1m[34mSELECT "schema_migrations"."version" FROM "schema_migrations" ORDER BY "schema_migrations"."version" ASC[0m
  ↳ /home/user/.rvm/gems/ruby-2.5.0/bin/rake:23
Migrating to CreateGroups (20190813100008)
  [1m[35m (0.2ms)[0m  [1m[35mBEGIN[0m
  ↳ /home/user/.rvm/gems/ruby-2.5.0/bin/rake:23
  [1m[35m (159.9ms)[0m  [1m[35mCREATE TABLE "groups" ("id" bigserial primary key, "name" character varying NOT NULL, "created_at" timestamp NOT NULL, "updated_at" timestamp NOT NULL)[0m
  ↳ db/migrate/20190813100008_create_groups.rb:5
  [1m[36mActiveRecord::SchemaMigration Create (1.9ms)[0m  [1m[32mINSERT INTO "schema_migrations" ("version") VALUES ($1) RETURNING "version"[0m  [["version", "20190813100008"]]
  ↳ /home/user/.rvm/gems/ruby-2.5.0/bin/rake:23
  [1m[35m (23.8ms)[0m  [1m[35mCOMMIT[0m
  ↳ /home/user/.rvm/gems/ruby-2.5.0/bin/rake:23
Migrating to CreateGroupsUsers (20190813100239)
  [1m[35m (1.1ms)[0m  [1m[35mBEGIN[0m
  ↳ /home/user/.rvm/gems/ruby-2.5.0/bin/rake:23
  [1m[35m (62.5ms)[0m  [1m[35mCREATE TABLE "groups_users" ("id" bigserial primary key, "user_id" bigint, "group_id" bigint, "created_at" timestamp NOT NULL, "updated_at" timestamp NOT NULL)[0m
  ↳ db/migrate/20190813100239_create_groups_users.rb:5
  [1m[35m (86.1ms)[0m  [1m[35mCREATE  INDEX  "index_groups_users_on_user_id" ON "groups_users"  ("user_id")[0m
  ↳ db/migrate/20190813100239_create_groups_users.rb:5
  [1m[35m (59.9ms)[0m  [1m[35mCREATE  INDEX  "index_groups_users_on_group_id" ON "groups_users"  ("group_id")[0m
  ↳ db/migrate/20190813100239_create_groups_users.rb:5
  [1m[36mActiveRecord::SchemaMigration Create (1.4ms)[0m  [1m[32mINSERT INTO "schema_migrations" ("version") VALUES ($1) RETURNING "version"[0m  [["version", "20190813100239"]]
  ↳ /home/user/.rvm/gems/ruby-2.5.0/bin/rake:23
  [1m[35m (23.2ms)[0m  [1m[35mCOMMIT[0m
  ↳ /home/user/.rvm/gems/ruby-2.5.0/bin/rake:23
Migrating to CreateUsers (20190813101532)
  [1m[35m (0.3ms)[0m  [1m[35mBEGIN[0m
  ↳ /home/user/.rvm/gems/ruby-2.5.0/bin/rake:23
  [1m[35m (101.9ms)[0m  [1m[35mCREATE TABLE "users" ("id" bigserial primary key, "first_name" character varying NOT NULL, "last_name" character varying NOT NULL, "salary_cents" integer DEFAULT 0, "active" boolean DEFAULT TRUE NOT NULL, "created_at" timestamp NOT NULL, "updated_at" timestamp NOT NULL)[0m
  ↳ db/migrate/20190813101532_create_users.rb:5
  [1m[36mActiveRecord::SchemaMigration Create (1.2ms)[0m  [1m[32mINSERT INTO "schema_migrations" ("version") VALUES ($1) RETURNING "version"[0m  [["version", "20190813101532"]]
  ↳ /home/user/.rvm/gems/ruby-2.5.0/bin/rake:23
  [1m[35m (23.4ms)[0m  [1m[35mCOMMIT[0m
  ↳ /home/user/.rvm/gems/ruby-2.5.0/bin/rake:23
Migrating to AddDeviseToUsers (20190813101536)
  [1m[35m (0.5ms)[0m  [1m[35mBEGIN[0m
  ↳ /home/user/.rvm/gems/ruby-2.5.0/bin/rake:23
  [1m[35m (114.6ms)[0m  [1m[35mALTER TABLE "users" ADD "email" character varying DEFAULT '' NOT NULL[0m
  ↳ db/migrate/20190813101536_add_devise_to_users.rb:7
  [1m[35m (124.4ms)[0m  [1m[35mALTER TABLE "users" ADD "encrypted_password" character varying DEFAULT '' NOT NULL[0m
  ↳ db/migrate/20190813101536_add_devise_to_users.rb:8
  [1m[35m (1.2ms)[0m  [1m[35mALTER TABLE "users" ADD "reset_password_token" character varying[0m
  ↳ db/migrate/20190813101536_add_devise_to_users.rb:11
  [1m[35m (1.3ms)[0m  [1m[35mALTER TABLE "users" ADD "reset_password_sent_at" timestamp[0m
  ↳ db/migrate/20190813101536_add_devise_to_users.rb:12
  [1m[35m (1.0ms)[0m  [1m[35mALTER TABLE "users" ADD "remember_created_at" timestamp[0m
  ↳ db/migrate/20190813101536_add_devise_to_users.rb:15
  [1m[35m (64.7ms)[0m  [1m[35mCREATE UNIQUE INDEX  "index_users_on_email" ON "users"  ("email")[0m
  ↳ db/migrate/20190813101536_add_devise_to_users.rb:39
  [1m[35m (53.1ms)[0m  [1m[35mCREATE UNIQUE INDEX  "index_users_on_reset_password_token" ON "users"  ("reset_password_token")[0m
  ↳ db/migrate/20190813101536_add_devise_to_users.rb:40
  [1m[36mActiveRecord::SchemaMigration Create (1.3ms)[0m  [1m[32mINSERT INTO "schema_migrations" ("version") VALUES ($1) RETURNING "version"[0m  [["version", "20190813101536"]]
  ↳ /home/user/.rvm/gems/ruby-2.5.0/bin/rake:23
  [1m[35m (225.7ms)[0m  [1m[35mCOMMIT[0m
  ↳ /home/user/.rvm/gems/ruby-2.5.0/bin/rake:23
  [1m[36mActiveRecord::InternalMetadata Load (1.3ms)[0m  [1m[34mSELECT  "ar_internal_metadata".* FROM "ar_internal_metadata" WHERE "ar_internal_metadata"."key" = $1 LIMIT $2[0m  [["key", "environment"], ["LIMIT", 1]]
  ↳ /home/user/.rvm/gems/ruby-2.5.0/bin/rake:23
  [1m[35m (0.4ms)[0m  [1m[35mBEGIN[0m
  ↳ /home/user/.rvm/gems/ruby-2.5.0/bin/rake:23
  [1m[36mActiveRecord::InternalMetadata Create (12.1ms)[0m  [1m[32mINSERT INTO "ar_internal_metadata" ("key", "value", "created_at", "updated_at") VALUES ($1, $2, $3, $4) RETURNING "key"[0m  [["key", "environment"], ["value", "development"], ["created_at", "2019-08-14 17:54:34.987347"], ["updated_at", "2019-08-14 17:54:34.987347"]]
  ↳ /home/user/.rvm/gems/ruby-2.5.0/bin/rake:23
  [1m[35m (14.8ms)[0m  [1m[35mCOMMIT[0m
  ↳ /home/user/.rvm/gems/ruby-2.5.0/bin/rake:23
  [1m[35m (0.9ms)[0m  [1m[34mSELECT pg_advisory_unlock(183433531958537910)[0m
  ↳ /home/user/.rvm/gems/ruby-2.5.0/bin/rake:23
  [1m[35m (1.1ms)[0m  [1m[34mSELECT "schema_migrations"."version" FROM "schema_migrations" ORDER BY "schema_migrations"."version" ASC[0m
  ↳ /home/user/.rvm/gems/ruby-2.5.0/bin/rake:23
Started GET "/" for ::1 at 2019-08-14 20:57:53 +0300
  [1m[35m (1.3ms)[0m  [1m[34mSELECT "schema_migrations"."version" FROM "schema_migrations" ORDER BY "schema_migrations"."version" ASC[0m
  ↳ /home/user/.rvm/gems/ruby-2.5.0/gems/activerecord-5.2.3/lib/active_record/log_subscriber.rb:98
Processing by Rails::WelcomeController#index as HTML
  Rendering /home/user/.rvm/gems/ruby-2.5.0/gems/railties-5.2.3/lib/rails/templates/rails/welcome/index.html.erb
  Rendered /home/user/.rvm/gems/ruby-2.5.0/gems/railties-5.2.3/lib/rails/templates/rails/welcome/index.html.erb (7.2ms)
Completed 200 OK in 51ms (Views: 49.0ms | ActiveRecord: 0.0ms)


Started GET "/favicon.ico" for ::1 at 2019-08-14 20:57:53 +0300
  
ActionController::RoutingError (No route matches [GET] "/favicon.ico"):
  
actionpack (5.2.3) lib/action_dispatch/middleware/debug_exceptions.rb:65:in `call'
actionpack (5.2.3) lib/action_dispatch/middleware/show_exceptions.rb:33:in `call'
railties (5.2.3) lib/rails/rack/logger.rb:38:in `call_app'
railties (5.2.3) lib/rails/rack/logger.rb:26:in `block in call'
activesupport (5.2.3) lib/active_support/tagged_logging.rb:71:in `block in tagged'
activesupport (5.2.3) lib/active_support/tagged_logging.rb:28:in `tagged'
activesupport (5.2.3) lib/active_support/tagged_logging.rb:71:in `tagged'
railties (5.2.3) lib/rails/rack/logger.rb:26:in `call'
actionpack (5.2.3) lib/action_dispatch/middleware/remote_ip.rb:81:in `call'
actionpack (5.2.3) lib/action_dispatch/middleware/request_id.rb:27:in `call'
rack (2.0.7) lib/rack/runtime.rb:22:in `call'
activesupport (5.2.3) lib/active_support/cache/strategy/local_cache_middleware.rb:29:in `call'
actionpack (5.2.3) lib/action_dispatch/middleware/executor.rb:14:in `call'
actionpack (5.2.3) lib/action_dispatch/middleware/static.rb:127:in `call'
rack (2.0.7) lib/rack/sendfile.rb:111:in `call'
railties (5.2.3) lib/rails/engine.rb:524:in `call'
puma (3.12.1) lib/puma/configuration.rb:227:in `call'
puma (3.12.1) lib/puma/server.rb:660:in `handle_request'
puma (3.12.1) lib/puma/server.rb:474:in `process_client'
puma (3.12.1) lib/puma/server.rb:334:in `block in run'
puma (3.12.1) lib/puma/thread_pool.rb:135:in `block in spawn_thread'
Started GET "/admin" for ::1 at 2019-08-14 20:57:57 +0300
Processing by RailsAdmin::MainController#dashboard as HTML
  [1m[35m (0.4ms)[0m  [1m[34mSELECT COUNT(*) FROM "groups"[0m
  ↳ /home/user/.rvm/gems/ruby-2.5.0/bundler/gems/rails_admin-0e92ca43fe77/lib/rails_admin/adapters/active_record.rb:43
  [1m[36mGroup Load (0.2ms)[0m  [1m[34mSELECT  "groups".* FROM "groups" ORDER BY "groups"."id" DESC LIMIT $1[0m  [["LIMIT", 1]]
  ↳ /home/user/.rvm/gems/ruby-2.5.0/bundler/gems/rails_admin-0e92ca43fe77/lib/rails_admin/config/actions/dashboard.rb:34
  [1m[35m (0.6ms)[0m  [1m[34mSELECT COUNT(*) FROM "users"[0m
  ↳ /home/user/.rvm/gems/ruby-2.5.0/bundler/gems/rails_admin-0e92ca43fe77/lib/rails_admin/adapters/active_record.rb:43
  [1m[36mUser Load (0.2ms)[0m  [1m[34mSELECT  "users".* FROM "users" ORDER BY "users"."id" DESC LIMIT $1[0m  [["LIMIT", 1]]
  ↳ /home/user/.rvm/gems/ruby-2.5.0/bundler/gems/rails_admin-0e92ca43fe77/lib/rails_admin/config/actions/dashboard.rb:34
  Rendering /home/user/.rvm/gems/ruby-2.5.0/bundler/gems/rails_admin-0e92ca43fe77/app/views/rails_admin/main/dashboard.html.haml within layouts/rails_admin/application
  Rendered /home/user/.rvm/gems/ruby-2.5.0/bundler/gems/rails_admin-0e92ca43fe77/app/views/rails_admin/main/dashboard.html.haml within layouts/rails_admin/application (14.5ms)
  Rendered /home/user/.rvm/gems/ruby-2.5.0/bundler/gems/rails_admin-0e92ca43fe77/app/views/layouts/rails_admin/_head.html.haml (2548.4ms)
  Rendered /home/user/.rvm/gems/ruby-2.5.0/bundler/gems/rails_admin-0e92ca43fe77/app/views/layouts/rails_admin/_secondary_navigation.html.haml (2.7ms)
  Rendered /home/user/.rvm/gems/ruby-2.5.0/bundler/gems/rails_admin-0e92ca43fe77/app/views/layouts/rails_admin/_navigation.html.haml (6.9ms)
  Rendered /home/user/.rvm/gems/ruby-2.5.0/bundler/gems/rails_admin-0e92ca43fe77/app/views/layouts/rails_admin/_sidebar_navigation.html.haml (3.5ms)
  Rendering /home/user/.rvm/gems/ruby-2.5.0/bundler/gems/rails_admin-0e92ca43fe77/app/views/layouts/rails_admin/pjax.html.haml
  Rendered /home/user/.rvm/gems/ruby-2.5.0/bundler/gems/rails_admin-0e92ca43fe77/app/views/layouts/rails_admin/pjax.html.haml (5.1ms)
Completed 200 OK in 3264ms (Views: 2590.8ms | ActiveRecord: 10.6ms)


Started GET "/assets/rails_admin/rails_admin-b5910f01492f526a68cc84fadcab4d9950ed6369838fd58ddb7df08a515d0221.js" for ::1 at 2019-08-14 20:58:00 +0300
Started GET "/assets/rails_admin/rails_admin-b03d018a668895c8be575ad01987562cf5d7bc324516b6f784d40201bc9d8439.css" for ::1 at 2019-08-14 20:58:00 +0300
Started GET "/admin/group?_pjax=%5Bdata-pjax-container%5D" for ::1 at 2019-08-14 20:58:05 +0300
Processing by RailsAdmin::MainController#index as HTML
  Parameters: {"_pjax"=>"[data-pjax-container]", "model_name"=>"group"}
  Rendering /home/user/.rvm/gems/ruby-2.5.0/bundler/gems/rails_admin-0e92ca43fe77/app/views/rails_admin/main/index.html.haml within layouts/rails_admin/pjax
  [1m[36mGroup Load (0.6ms)[0m  [1m[34mSELECT  "groups".* FROM "groups" ORDER BY groups.id desc LIMIT $1 OFFSET $2[0m  [["LIMIT", 20], ["OFFSET", 0]]
  ↳ /home/user/.rvm/gems/ruby-2.5.0/bundler/gems/rails_admin-0e92ca43fe77/app/views/rails_admin/main/index.html.haml:95
  Rendered /home/user/.rvm/gems/ruby-2.5.0/bundler/gems/rails_admin-0e92ca43fe77/app/views/rails_admin/main/index.html.haml within layouts/rails_admin/pjax (40.0ms)
Completed 200 OK in 72ms (Views: 54.7ms | ActiveRecord: 1.5ms)


Started GET "/admin/user?_pjax=%5Bdata-pjax-container%5D" for ::1 at 2019-08-14 20:58:07 +0300
Processing by RailsAdmin::MainController#index as HTML
  Parameters: {"_pjax"=>"[data-pjax-container]", "model_name"=>"user"}
  Rendering /home/user/.rvm/gems/ruby-2.5.0/bundler/gems/rails_admin-0e92ca43fe77/app/views/rails_admin/main/index.html.haml within layouts/rails_admin/pjax
  [1m[36mUser Load (0.8ms)[0m  [1m[34mSELECT  "users".* FROM "users" ORDER BY users.id desc LIMIT $1 OFFSET $2[0m  [["LIMIT", 20], ["OFFSET", 0]]
  ↳ /home/user/.rvm/gems/ruby-2.5.0/bundler/gems/rails_admin-0e92ca43fe77/app/views/rails_admin/main/index.html.haml:95
  Rendered /home/user/.rvm/gems/ruby-2.5.0/bundler/gems/rails_admin-0e92ca43fe77/app/views/rails_admin/main/index.html.haml within layouts/rails_admin/pjax (38.0ms)
Completed 200 OK in 67ms (Views: 44.0ms | ActiveRecord: 0.8ms)


Started GET "/admin/group?_pjax=%5Bdata-pjax-container%5D" for ::1 at 2019-08-14 20:58:08 +0300
Processing by RailsAdmin::MainController#index as HTML
  Parameters: {"_pjax"=>"[data-pjax-container]", "model_name"=>"group"}
  Rendering /home/user/.rvm/gems/ruby-2.5.0/bundler/gems/rails_admin-0e92ca43fe77/app/views/rails_admin/main/index.html.haml within layouts/rails_admin/pjax
  [1m[36mGroup Load (0.3ms)[0m  [1m[34mSELECT  "groups".* FROM "groups" ORDER BY groups.id desc LIMIT $1 OFFSET $2[0m  [["LIMIT", 20], ["OFFSET", 0]]
  ↳ /home/user/.rvm/gems/ruby-2.5.0/bundler/gems/rails_admin-0e92ca43fe77/app/views/rails_admin/main/index.html.haml:95
  Rendered /home/user/.rvm/gems/ruby-2.5.0/bundler/gems/rails_admin-0e92ca43fe77/app/views/rails_admin/main/index.html.haml within layouts/rails_admin/pjax (35.6ms)
Completed 200 OK in 57ms (Views: 44.7ms | ActiveRecord: 0.3ms)


Started GET "/admin/user?_pjax=%5Bdata-pjax-container%5D" for ::1 at 2019-08-14 20:58:15 +0300
Processing by RailsAdmin::MainController#index as HTML
  Parameters: {"_pjax"=>"[data-pjax-container]", "model_name"=>"user"}
  Rendering /home/user/.rvm/gems/ruby-2.5.0/bundler/gems/rails_admin-0e92ca43fe77/app/views/rails_admin/main/index.html.haml within layouts/rails_admin/pjax
  [1m[36mUser Load (0.4ms)[0m  [1m[34mSELECT  "users".* FROM "users" ORDER BY users.id desc LIMIT $1 OFFSET $2[0m  [["LIMIT", 20], ["OFFSET", 0]]
  ↳ /home/user/.rvm/gems/ruby-2.5.0/bundler/gems/rails_admin-0e92ca43fe77/app/views/rails_admin/main/index.html.haml:95
  Rendered /home/user/.rvm/gems/ruby-2.5.0/bundler/gems/rails_admin-0e92ca43fe77/app/views/rails_admin/main/index.html.haml within layouts/rails_admin/pjax (80.0ms)
Completed 200 OK in 129ms (Views: 96.7ms | ActiveRecord: 0.4ms)


Started GET "/admin/group?_pjax=%5Bdata-pjax-container%5D" for ::1 at 2019-08-14 20:58:16 +0300
Processing by RailsAdmin::MainController#index as HTML
  Parameters: {"_pjax"=>"[data-pjax-container]", "model_name"=>"group"}
  Rendering /home/user/.rvm/gems/ruby-2.5.0/bundler/gems/rails_admin-0e92ca43fe77/app/views/rails_admin/main/index.html.haml within layouts/rails_admin/pjax
  [1m[36mGroup Load (0.4ms)[0m  [1m[34mSELECT  "groups".* FROM "groups" ORDER BY groups.id desc LIMIT $1 OFFSET $2[0m  [["LIMIT", 20], ["OFFSET", 0]]
  ↳ /home/user/.rvm/gems/ruby-2.5.0/bundler/gems/rails_admin-0e92ca43fe77/app/views/rails_admin/main/index.html.haml:95
  Rendered /home/user/.rvm/gems/ruby-2.5.0/bundler/gems/rails_admin-0e92ca43fe77/app/views/rails_admin/main/index.html.haml within layouts/rails_admin/pjax (89.0ms)
Completed 200 OK in 140ms (Views: 107.1ms | ActiveRecord: 0.4ms)


  [1m[35m (0.1ms)[0m  [1m[34mSELECT pg_try_advisory_lock(183433531958537910)[0m
  ↳ /home/user/.rvm/gems/ruby-2.5.0/bin/rake:23
  [1m[35m (0.4ms)[0m  [1m[34mSELECT "schema_migrations"."version" FROM "schema_migrations" ORDER BY "schema_migrations"."version" ASC[0m
  ↳ /home/user/.rvm/gems/ruby-2.5.0/bin/rake:23
  [1m[36mActiveRecord::InternalMetadata Load (0.3ms)[0m  [1m[34mSELECT  "ar_internal_metadata".* FROM "ar_internal_metadata" WHERE "ar_internal_metadata"."key" = $1 LIMIT $2[0m  [["key", "environment"], ["LIMIT", 1]]
  ↳ /home/user/.rvm/gems/ruby-2.5.0/bin/rake:23
  [1m[35m (0.3ms)[0m  [1m[35mBEGIN[0m
  ↳ /home/user/.rvm/gems/ruby-2.5.0/bin/rake:23
  [1m[35m (0.2ms)[0m  [1m[35mCOMMIT[0m
  ↳ /home/user/.rvm/gems/ruby-2.5.0/bin/rake:23
  [1m[35m (0.4ms)[0m  [1m[34mSELECT pg_advisory_unlock(183433531958537910)[0m
  ↳ /home/user/.rvm/gems/ruby-2.5.0/bin/rake:23
  [1m[35m (0.3ms)[0m  [1m[34mSELECT "schema_migrations"."version" FROM "schema_migrations" ORDER BY "schema_migrations"."version" ASC[0m
  ↳ /home/user/.rvm/gems/ruby-2.5.0/bin/rake:23
Started GET "/admin/group" for ::1 at 2019-08-14 21:01:05 +0300
  [1m[35m (0.6ms)[0m  [1m[34mSELECT "schema_migrations"."version" FROM "schema_migrations" ORDER BY "schema_migrations"."version" ASC[0m
  ↳ /home/user/.rvm/gems/ruby-2.5.0/gems/activerecord-5.2.3/lib/active_record/log_subscriber.rb:98
Processing by RailsAdmin::MainController#index as HTML
  Parameters: {"model_name"=>"group"}
Completed 401 Unauthorized in 8ms (ActiveRecord: 0.0ms)


Started GET "/admin" for ::1 at 2019-08-14 21:01:09 +0300
Processing by RailsAdmin::MainController#dashboard as HTML
Completed 401 Unauthorized in 3ms (ActiveRecord: 0.0ms)


Started GET "/users/sign_in" for ::1 at 2019-08-14 21:01:16 +0300
Processing by Devise::SessionsController#new as HTML
Completed 200 OK in 65ms (Views: 0.2ms | ActiveRecord: 10.3ms)


  [1m[35m (0.1ms)[0m  [1m[34mSELECT pg_try_advisory_lock(183433531958537910)[0m
  ↳ /home/user/.rvm/gems/ruby-2.5.0/bin/rake:23
  [1m[35m (0.4ms)[0m  [1m[34mSELECT "schema_migrations"."version" FROM "schema_migrations" ORDER BY "schema_migrations"."version" ASC[0m
  ↳ /home/user/.rvm/gems/ruby-2.5.0/bin/rake:23
  [1m[36mActiveRecord::InternalMetadata Load (0.3ms)[0m  [1m[34mSELECT  "ar_internal_metadata".* FROM "ar_internal_metadata" WHERE "ar_internal_metadata"."key" = $1 LIMIT $2[0m  [["key", "environment"], ["LIMIT", 1]]
  ↳ /home/user/.rvm/gems/ruby-2.5.0/bin/rake:23
  [1m[35m (0.1ms)[0m  [1m[35mBEGIN[0m
  ↳ /home/user/.rvm/gems/ruby-2.5.0/bin/rake:23
  [1m[35m (0.2ms)[0m  [1m[35mCOMMIT[0m
  ↳ /home/user/.rvm/gems/ruby-2.5.0/bin/rake:23
  [1m[35m (0.2ms)[0m  [1m[34mSELECT pg_advisory_unlock(183433531958537910)[0m
  ↳ /home/user/.rvm/gems/ruby-2.5.0/bin/rake:23
  [1m[35m (0.2ms)[0m  [1m[34mSELECT "schema_migrations"."version" FROM "schema_migrations" ORDER BY "schema_migrations"."version" ASC[0m
  ↳ /home/user/.rvm/gems/ruby-2.5.0/bin/rake:23
Started GET "/users/sign_in" for ::1 at 2019-08-14 21:02:39 +0300
  [1m[35m (0.9ms)[0m  [1m[34mSELECT "schema_migrations"."version" FROM "schema_migrations" ORDER BY "schema_migrations"."version" ASC[0m
  ↳ /home/user/.rvm/gems/ruby-2.5.0/gems/activerecord-5.2.3/lib/active_record/log_subscriber.rb:98
Processing by Devise::SessionsController#new as HTML
Completed 200 OK in 17ms (Views: 0.1ms | ActiveRecord: 5.1ms)


Started GET "/users/sign_in" for ::1 at 2019-08-14 21:02:40 +0300
Processing by Devise::SessionsController#new as HTML
Completed 200 OK in 3ms (Views: 0.6ms | ActiveRecord: 0.0ms)


Started GET "/users/sign_in" for ::1 at 2019-08-14 21:02:40 +0300
Processing by Devise::SessionsController#new as HTML
Completed 200 OK in 3ms (Views: 0.3ms | ActiveRecord: 0.0ms)


Started GET "/users/sign_in" for ::1 at 2019-08-14 21:04:02 +0300
  [1m[35m (0.7ms)[0m  [1m[34mSELECT "schema_migrations"."version" FROM "schema_migrations" ORDER BY "schema_migrations"."version" ASC[0m
  ↳ /home/user/.rvm/gems/ruby-2.5.0/gems/activerecord-5.2.3/lib/active_record/log_subscriber.rb:98
Processing by Devise::SessionsController#new as HTML
Completed 200 OK in 28ms (Views: 0.1ms | ActiveRecord: 4.5ms)


Started GET "/users/sign_in" for ::1 at 2019-08-14 21:04:02 +0300
Processing by Devise::SessionsController#new as HTML
Completed 200 OK in 5ms (Views: 0.4ms | ActiveRecord: 0.0ms)


Started GET "/admin" for ::1 at 2019-08-14 21:04:05 +0300
Processing by RailsAdmin::MainController#dashboard as HTML
Completed 401 Unauthorized in 1ms (ActiveRecord: 0.0ms)


Started GET "/users/sign_in" for ::1 at 2019-08-14 21:04:07 +0300
Processing by Devise::SessionsController#new as HTML
Completed 200 OK in 5ms (Views: 0.4ms | ActiveRecord: 0.0ms)


  [1m[35m (0.2ms)[0m  [1m[34mSELECT pg_try_advisory_lock(183433531958537910)[0m
  ↳ /home/user/.rvm/gems/ruby-2.5.0/bin/rake:23
  [1m[35m (0.5ms)[0m  [1m[34mSELECT "schema_migrations"."version" FROM "schema_migrations" ORDER BY "schema_migrations"."version" ASC[0m
  ↳ /home/user/.rvm/gems/ruby-2.5.0/bin/rake:23
  [1m[36mActiveRecord::InternalMetadata Load (0.2ms)[0m  [1m[34mSELECT  "ar_internal_metadata".* FROM "ar_internal_metadata" WHERE "ar_internal_metadata"."key" = $1 LIMIT $2[0m  [["key", "environment"], ["LIMIT", 1]]
  ↳ /home/user/.rvm/gems/ruby-2.5.0/bin/rake:23
  [1m[35m (0.1ms)[0m  [1m[35mBEGIN[0m
  ↳ /home/user/.rvm/gems/ruby-2.5.0/bin/rake:23
  [1m[35m (0.2ms)[0m  [1m[35mCOMMIT[0m
  ↳ /home/user/.rvm/gems/ruby-2.5.0/bin/rake:23
  [1m[35m (0.2ms)[0m  [1m[34mSELECT pg_advisory_unlock(183433531958537910)[0m
  ↳ /home/user/.rvm/gems/ruby-2.5.0/bin/rake:23
  [1m[35m (0.2ms)[0m  [1m[34mSELECT "schema_migrations"."version" FROM "schema_migrations" ORDER BY "schema_migrations"."version" ASC[0m
  ↳ /home/user/.rvm/gems/ruby-2.5.0/bin/rake:23
Started GET "/users/sign_in" for ::1 at 2019-08-14 21:04:26 +0300
  [1m[35m (1.0ms)[0m  [1m[34mSELECT "schema_migrations"."version" FROM "schema_migrations" ORDER BY "schema_migrations"."version" ASC[0m
  ↳ /home/user/.rvm/gems/ruby-2.5.0/gems/activerecord-5.2.3/lib/active_record/log_subscriber.rb:98
Processing by Devise::SessionsController#new as HTML
Completed 200 OK in 41ms (Views: 0.1ms | ActiveRecord: 7.3ms)


Started GET "/users/sign_in" for ::1 at 2019-08-14 21:04:27 +0300
Processing by Devise::SessionsController#new as HTML
Completed 200 OK in 5ms (Views: 0.4ms | ActiveRecord: 0.0ms)


Started GET "/user/sign_in" for ::1 at 2019-08-14 21:04:29 +0300
  
ActionController::RoutingError (No route matches [GET] "/user/sign_in"):
  
actionpack (5.2.3) lib/action_dispatch/middleware/debug_exceptions.rb:65:in `call'
actionpack (5.2.3) lib/action_dispatch/middleware/show_exceptions.rb:33:in `call'
railties (5.2.3) lib/rails/rack/logger.rb:38:in `call_app'
railties (5.2.3) lib/rails/rack/logger.rb:26:in `block in call'
activesupport (5.2.3) lib/active_support/tagged_logging.rb:71:in `block in tagged'
activesupport (5.2.3) lib/active_support/tagged_logging.rb:28:in `tagged'
activesupport (5.2.3) lib/active_support/tagged_logging.rb:71:in `tagged'
railties (5.2.3) lib/rails/rack/logger.rb:26:in `call'
actionpack (5.2.3) lib/action_dispatch/middleware/remote_ip.rb:81:in `call'
actionpack (5.2.3) lib/action_dispatch/middleware/request_id.rb:27:in `call'
rack (2.0.7) lib/rack/runtime.rb:22:in `call'
activesupport (5.2.3) lib/active_support/cache/strategy/local_cache_middleware.rb:29:in `call'
actionpack (5.2.3) lib/action_dispatch/middleware/executor.rb:14:in `call'
actionpack (5.2.3) lib/action_dispatch/middleware/static.rb:127:in `call'
rack (2.0.7) lib/rack/sendfile.rb:111:in `call'
railties (5.2.3) lib/rails/engine.rb:524:in `call'
puma (3.12.1) lib/puma/configuration.rb:227:in `call'
puma (3.12.1) lib/puma/server.rb:660:in `handle_request'
puma (3.12.1) lib/puma/server.rb:474:in `process_client'
puma (3.12.1) lib/puma/server.rb:334:in `block in run'
puma (3.12.1) lib/puma/thread_pool.rb:135:in `block in spawn_thread'
Started GET "/users/sign_in" for ::1 at 2019-08-14 21:04:33 +0300
Processing by Devise::SessionsController#new as HTML
Completed 200 OK in 2ms (Views: 0.2ms | ActiveRecord: 0.0ms)


Started GET "/admin/" for ::1 at 2019-08-14 21:04:43 +0300
Processing by RailsAdmin::MainController#dashboard as HTML
Completed 401 Unauthorized in 1ms (ActiveRecord: 0.0ms)


Started GET "/users/sign_in" for ::1 at 2019-08-14 21:04:43 +0300
Processing by Devise::SessionsController#new as HTML
Completed 200 OK in 2ms (Views: 0.1ms | ActiveRecord: 0.0ms)


Started GET "/users/sign_up" for ::1 at 2019-08-14 21:07:38 +0300
  [1m[35m (0.7ms)[0m  [1m[34mSELECT "schema_migrations"."version" FROM "schema_migrations" ORDER BY "schema_migrations"."version" ASC[0m
  ↳ /home/user/.rvm/gems/ruby-2.5.0/gems/activerecord-5.2.3/lib/active_record/log_subscriber.rb:98
Processing by Devise::RegistrationsController#new as HTML
Completed 200 OK in 23ms (Views: 0.1ms | ActiveRecord: 4.2ms)


Started GET "/users/sign_up" for ::1 at 2019-08-14 21:07:39 +0300
Processing by Devise::RegistrationsController#new as HTML
Completed 200 OK in 5ms (Views: 0.6ms | ActiveRecord: 0.0ms)


  [1m[35m (0.2ms)[0m  [1m[34mSELECT pg_try_advisory_lock(183433531958537910)[0m
  ↳ /home/user/.rvm/gems/ruby-2.5.0/bin/rake:23
  [1m[35m (0.4ms)[0m  [1m[34mSELECT "schema_migrations"."version" FROM "schema_migrations" ORDER BY "schema_migrations"."version" ASC[0m
  ↳ /home/user/.rvm/gems/ruby-2.5.0/bin/rake:23
Migrating to AddDeviseToUsers (20190814180941)
  [1m[35m (0.2ms)[0m  [1m[35mBEGIN[0m
  ↳ /home/user/.rvm/gems/ruby-2.5.0/bin/rake:23
  [1m[35m (0.6ms)[0m  [1m[35mALTER TABLE "users" ADD "email" character varying DEFAULT '' NOT NULL[0m
  ↳ db/migrate/20190814180941_add_devise_to_users.rb:7
  [1m[35m (0.1ms)[0m  [1m[31mROLLBACK[0m
  ↳ /home/user/.rvm/gems/ruby-2.5.0/bin/rake:23
  [1m[35m (0.3ms)[0m  [1m[34mSELECT pg_advisory_unlock(183433531958537910)[0m
  ↳ /home/user/.rvm/gems/ruby-2.5.0/bin/rake:23
  [1m[35m (0.1ms)[0m  [1m[34mSELECT pg_try_advisory_lock(183433531958537910)[0m
  ↳ /home/user/.rvm/gems/ruby-2.5.0/bin/rake:23
  [1m[35m (0.4ms)[0m  [1m[34mSELECT "schema_migrations"."version" FROM "schema_migrations" ORDER BY "schema_migrations"."version" ASC[0m
  ↳ /home/user/.rvm/gems/ruby-2.5.0/bin/rake:23
Migrating to AddDeviseToUsers (20190814180941)
  [1m[35m (0.2ms)[0m  [1m[35mBEGIN[0m
  ↳ /home/user/.rvm/gems/ruby-2.5.0/bin/rake:23
  [1m[35m (0.5ms)[0m  [1m[35mALTER TABLE "users" ADD "email" character varying DEFAULT '' NOT NULL[0m
  ↳ db/migrate/20190814180941_add_devise_to_users.rb:7
  [1m[35m (0.1ms)[0m  [1m[31mROLLBACK[0m
  ↳ /home/user/.rvm/gems/ruby-2.5.0/bin/rake:23
  [1m[35m (0.2ms)[0m  [1m[34mSELECT pg_advisory_unlock(183433531958537910)[0m
  ↳ /home/user/.rvm/gems/ruby-2.5.0/bin/rake:23
  [1m[35m (0.2ms)[0m  [1m[34mSELECT pg_try_advisory_lock(183433531958537910)[0m
  ↳ /home/user/.rvm/gems/ruby-2.5.0/bin/rake:23
  [1m[35m (0.4ms)[0m  [1m[34mSELECT "schema_migrations"."version" FROM "schema_migrations" ORDER BY "schema_migrations"."version" ASC[0m
  ↳ /home/user/.rvm/gems/ruby-2.5.0/bin/rake:23
Migrating to AddDeviseToUsers (20190814180941)
  [1m[35m (0.1ms)[0m  [1m[35mBEGIN[0m
  ↳ /home/user/.rvm/gems/ruby-2.5.0/bin/rake:23
  [1m[35m (0.5ms)[0m  [1m[35mALTER TABLE "users" ADD "email" character varying DEFAULT '' NOT NULL[0m
  ↳ db/migrate/20190814180941_add_devise_to_users.rb:7
  [1m[35m (0.1ms)[0m  [1m[31mROLLBACK[0m
  ↳ /home/user/.rvm/gems/ruby-2.5.0/bin/rake:23
  [1m[35m (0.3ms)[0m  [1m[34mSELECT pg_advisory_unlock(183433531958537910)[0m
  ↳ /home/user/.rvm/gems/ruby-2.5.0/bin/rake:23
  [1m[35m (0.4ms)[0m  [1m[34mSELECT "schema_migrations"."version" FROM "schema_migrations" ORDER BY "schema_migrations"."version" ASC[0m
  ↳ /home/user/.rvm/gems/ruby-2.5.0/bin/rake:23
  [1m[35m (0.2ms)[0m  [1m[34mSELECT "ar_internal_metadata"."value" FROM "ar_internal_metadata" WHERE "ar_internal_metadata"."key" = $1[0m  [["key", "environment"]]
  ↳ /home/user/.rvm/gems/ruby-2.5.0/bin/rake:23
  [1m[35m (0.2ms)[0m  [1m[34mSELECT "schema_migrations"."version" FROM "schema_migrations" ORDER BY "schema_migrations"."version" ASC[0m
  ↳ /home/user/.rvm/gems/ruby-2.5.0/bin/rake:23
  [1m[35m (0.2ms)[0m  [1m[34mSELECT "ar_internal_metadata"."value" FROM "ar_internal_metadata" WHERE "ar_internal_metadata"."key" = $1[0m  [["key", "environment"]]
  ↳ /home/user/.rvm/gems/ruby-2.5.0/bin/rake:23
  [1m[35m (0.2ms)[0m  [1m[34mSELECT "schema_migrations"."version" FROM "schema_migrations" ORDER BY "schema_migrations"."version" ASC[0m
  ↳ /home/user/.rvm/gems/ruby-2.5.0/bin/rake:23
  [1m[35m (0.2ms)[0m  [1m[34mSELECT "ar_internal_metadata"."value" FROM "ar_internal_metadata" WHERE "ar_internal_metadata"."key" = $1[0m  [["key", "environment"]]
  ↳ /home/user/.rvm/gems/ruby-2.5.0/bin/rake:23
  [1m[35m (378.4ms)[0m  [1m[35mDROP DATABASE IF EXISTS "rm-core_development"[0m
  ↳ /home/user/.rvm/gems/ruby-2.5.0/bin/rake:23
  [1m[35m (342.2ms)[0m  [1m[35mDROP DATABASE IF EXISTS "rm-core_test"[0m
  ↳ /home/user/.rvm/gems/ruby-2.5.0/bin/rake:23
  [1m[35m (797.8ms)[0m  [1m[35mCREATE DATABASE "rm-core_development" ENCODING = 'unicode'[0m
  ↳ /home/user/.rvm/gems/ruby-2.5.0/bin/rake:23
  [1m[35m (1176.6ms)[0m  [1m[35mCREATE DATABASE "rm-core_test" ENCODING = 'unicode'[0m
  ↳ /home/user/.rvm/gems/ruby-2.5.0/bin/rake:23
  [1m[35m (138.6ms)[0m  [1m[35mCREATE TABLE "schema_migrations" ("version" character varying NOT NULL PRIMARY KEY)[0m
  ↳ /home/user/.rvm/gems/ruby-2.5.0/bin/rake:23
  [1m[35m (127.8ms)[0m  [1m[35mCREATE TABLE "ar_internal_metadata" ("key" character varying NOT NULL PRIMARY KEY, "value" character varying, "created_at" timestamp NOT NULL, "updated_at" timestamp NOT NULL)[0m
  ↳ /home/user/.rvm/gems/ruby-2.5.0/bin/rake:23
  [1m[35m (1.1ms)[0m  [1m[34mSELECT pg_try_advisory_lock(183433531958537910)[0m
  ↳ /home/user/.rvm/gems/ruby-2.5.0/bin/rake:23
  [1m[35m (1.9ms)[0m  [1m[34mSELECT "schema_migrations"."version" FROM "schema_migrations" ORDER BY "schema_migrations"."version" ASC[0m
  ↳ /home/user/.rvm/gems/ruby-2.5.0/bin/rake:23
Migrating to CreateGroups (20190813100008)
  [1m[35m (0.8ms)[0m  [1m[35mBEGIN[0m
  ↳ /home/user/.rvm/gems/ruby-2.5.0/bin/rake:23
  [1m[35m (143.1ms)[0m  [1m[35mCREATE TABLE "groups" ("id" bigserial primary key, "name" character varying NOT NULL, "created_at" timestamp NOT NULL, "updated_at" timestamp NOT NULL)[0m
  ↳ db/migrate/20190813100008_create_groups.rb:5
  [1m[36mActiveRecord::SchemaMigration Create (2.0ms)[0m  [1m[32mINSERT INTO "schema_migrations" ("version") VALUES ($1) RETURNING "version"[0m  [["version", "20190813100008"]]
  ↳ /home/user/.rvm/gems/ruby-2.5.0/bin/rake:23
  [1m[35m (17.0ms)[0m  [1m[35mCOMMIT[0m
  ↳ /home/user/.rvm/gems/ruby-2.5.0/bin/rake:23
Migrating to CreateGroupsUsers (20190813100239)
  [1m[35m (1.1ms)[0m  [1m[35mBEGIN[0m
  ↳ /home/user/.rvm/gems/ruby-2.5.0/bin/rake:23
  [1m[35m (60.1ms)[0m  [1m[35mCREATE TABLE "groups_users" ("id" bigserial primary key, "user_id" bigint, "group_id" bigint, "created_at" timestamp NOT NULL, "updated_at" timestamp NOT NULL)[0m
  ↳ db/migrate/20190813100239_create_groups_users.rb:5
  [1m[35m (52.3ms)[0m  [1m[35mCREATE  INDEX  "index_groups_users_on_user_id" ON "groups_users"  ("user_id")[0m
  ↳ db/migrate/20190813100239_create_groups_users.rb:5
  [1m[35m (95.1ms)[0m  [1m[35mCREATE  INDEX  "index_groups_users_on_group_id" ON "groups_users"  ("group_id")[0m
  ↳ db/migrate/20190813100239_create_groups_users.rb:5
  [1m[36mActiveRecord::SchemaMigration Create (1.4ms)[0m  [1m[32mINSERT INTO "schema_migrations" ("version") VALUES ($1) RETURNING "version"[0m  [["version", "20190813100239"]]
  ↳ /home/user/.rvm/gems/ruby-2.5.0/bin/rake:23
  [1m[35m (56.5ms)[0m  [1m[35mCOMMIT[0m
  ↳ /home/user/.rvm/gems/ruby-2.5.0/bin/rake:23
Migrating to CreateUsers (20190813101532)
  [1m[35m (0.2ms)[0m  [1m[35mBEGIN[0m
  ↳ /home/user/.rvm/gems/ruby-2.5.0/bin/rake:23
  [1m[35m (145.4ms)[0m  [1m[35mCREATE TABLE "users" ("id" bigserial primary key, "first_name" character varying NOT NULL, "last_name" character varying NOT NULL, "salary_cents" integer DEFAULT 0, "active" boolean DEFAULT TRUE NOT NULL, "created_at" timestamp NOT NULL, "updated_at" timestamp NOT NULL)[0m
  ↳ db/migrate/20190813101532_create_users.rb:5
  [1m[36mActiveRecord::SchemaMigration Create (1.5ms)[0m  [1m[32mINSERT INTO "schema_migrations" ("version") VALUES ($1) RETURNING "version"[0m  [["version", "20190813101532"]]
  ↳ /home/user/.rvm/gems/ruby-2.5.0/bin/rake:23
  [1m[35m (23.1ms)[0m  [1m[35mCOMMIT[0m
  ↳ /home/user/.rvm/gems/ruby-2.5.0/bin/rake:23
Migrating to AddDeviseToUsers (20190814180941)
  [1m[35m (1.0ms)[0m  [1m[35mBEGIN[0m
  ↳ /home/user/.rvm/gems/ruby-2.5.0/bin/rake:23
  [1m[35m (161.2ms)[0m  [1m[35mALTER TABLE "users" ADD "email" character varying DEFAULT '' NOT NULL[0m
  ↳ db/migrate/20190814180941_add_devise_to_users.rb:7
  [1m[35m (101.0ms)[0m  [1m[35mALTER TABLE "users" ADD "encrypted_password" character varying DEFAULT '' NOT NULL[0m
  ↳ db/migrate/20190814180941_add_devise_to_users.rb:8
  [1m[35m (1.2ms)[0m  [1m[35mALTER TABLE "users" ADD "reset_password_token" character varying[0m
  ↳ db/migrate/20190814180941_add_devise_to_users.rb:11
  [1m[35m (1.3ms)[0m  [1m[35mALTER TABLE "users" ADD "reset_password_sent_at" timestamp[0m
  ↳ db/migrate/20190814180941_add_devise_to_users.rb:12
  [1m[35m (1.3ms)[0m  [1m[35mALTER TABLE "users" ADD "remember_created_at" timestamp[0m
  ↳ db/migrate/20190814180941_add_devise_to_users.rb:15
  [1m[35m (58.9ms)[0m  [1m[35mCREATE UNIQUE INDEX  "index_users_on_email" ON "users"  ("email")[0m
  ↳ db/migrate/20190814180941_add_devise_to_users.rb:39
  [1m[35m (74.8ms)[0m  [1m[35mCREATE UNIQUE INDEX  "index_users_on_reset_password_token" ON "users"  ("reset_password_token")[0m
  ↳ db/migrate/20190814180941_add_devise_to_users.rb:40
  [1m[36mActiveRecord::SchemaMigration Create (1.2ms)[0m  [1m[32mINSERT INTO "schema_migrations" ("version") VALUES ($1) RETURNING "version"[0m  [["version", "20190814180941"]]
  ↳ /home/user/.rvm/gems/ruby-2.5.0/bin/rake:23
  [1m[35m (8.1ms)[0m  [1m[35mCOMMIT[0m
  ↳ /home/user/.rvm/gems/ruby-2.5.0/bin/rake:23
  [1m[36mActiveRecord::InternalMetadata Load (1.4ms)[0m  [1m[34mSELECT  "ar_internal_metadata".* FROM "ar_internal_metadata" WHERE "ar_internal_metadata"."key" = $1 LIMIT $2[0m  [["key", "environment"], ["LIMIT", 1]]
  ↳ /home/user/.rvm/gems/ruby-2.5.0/bin/rake:23
  [1m[35m (1.0ms)[0m  [1m[35mBEGIN[0m
  ↳ /home/user/.rvm/gems/ruby-2.5.0/bin/rake:23
  [1m[36mActiveRecord::InternalMetadata Create (2.4ms)[0m  [1m[32mINSERT INTO "ar_internal_metadata" ("key", "value", "created_at", "updated_at") VALUES ($1, $2, $3, $4) RETURNING "key"[0m  [["key", "environment"], ["value", "development"], ["created_at", "2019-08-14 18:14:03.135614"], ["updated_at", "2019-08-14 18:14:03.135614"]]
  ↳ /home/user/.rvm/gems/ruby-2.5.0/bin/rake:23
  [1m[35m (7.5ms)[0m  [1m[35mCOMMIT[0m
  ↳ /home/user/.rvm/gems/ruby-2.5.0/bin/rake:23
  [1m[35m (1.7ms)[0m  [1m[34mSELECT pg_advisory_unlock(183433531958537910)[0m
  ↳ /home/user/.rvm/gems/ruby-2.5.0/bin/rake:23
  [1m[35m (1.2ms)[0m  [1m[34mSELECT "schema_migrations"."version" FROM "schema_migrations" ORDER BY "schema_migrations"."version" ASC[0m
  ↳ /home/user/.rvm/gems/ruby-2.5.0/bin/rake:23
Started GET "/users/sign_up" for ::1 at 2019-08-14 21:14:21 +0300
  [1m[35m (1.3ms)[0m  [1m[34mSELECT "schema_migrations"."version" FROM "schema_migrations" ORDER BY "schema_migrations"."version" ASC[0m
  ↳ /home/user/.rvm/gems/ruby-2.5.0/gems/activerecord-5.2.3/lib/active_record/log_subscriber.rb:98
Processing by Devise::RegistrationsController#new as HTML
Completed 200 OK in 26ms (Views: 0.2ms | ActiveRecord: 4.3ms)


Started GET "/users/sign_in" for ::1 at 2019-08-14 21:14:25 +0300
Processing by Devise::SessionsController#new as HTML
Completed 200 OK in 12ms (Views: 1.6ms | ActiveRecord: 0.0ms)


  [1m[35m (0.4ms)[0m  [1m[34mSELECT "schema_migrations"."version" FROM "schema_migrations" ORDER BY "schema_migrations"."version" ASC[0m
  ↳ /home/user/.rvm/gems/ruby-2.5.0/bin/rake:23
  [1m[35m (0.2ms)[0m  [1m[34mSELECT "ar_internal_metadata"."value" FROM "ar_internal_metadata" WHERE "ar_internal_metadata"."key" = $1[0m  [["key", "environment"]]
  ↳ /home/user/.rvm/gems/ruby-2.5.0/bin/rake:23
  [1m[35m (0.2ms)[0m  [1m[34mSELECT "schema_migrations"."version" FROM "schema_migrations" ORDER BY "schema_migrations"."version" ASC[0m
  ↳ /home/user/.rvm/gems/ruby-2.5.0/bin/rake:23
  [1m[35m (0.2ms)[0m  [1m[34mSELECT "ar_internal_metadata"."value" FROM "ar_internal_metadata" WHERE "ar_internal_metadata"."key" = $1[0m  [["key", "environment"]]
  ↳ /home/user/.rvm/gems/ruby-2.5.0/bin/rake:23
  [1m[35m (0.2ms)[0m  [1m[34mSELECT "schema_migrations"."version" FROM "schema_migrations" ORDER BY "schema_migrations"."version" ASC[0m
  ↳ /home/user/.rvm/gems/ruby-2.5.0/bin/rake:23
  [1m[35m (0.2ms)[0m  [1m[34mSELECT "ar_internal_metadata"."value" FROM "ar_internal_metadata" WHERE "ar_internal_metadata"."key" = $1[0m  [["key", "environment"]]
  ↳ /home/user/.rvm/gems/ruby-2.5.0/bin/rake:23
  [1m[35m (434.3ms)[0m  [1m[35mDROP DATABASE IF EXISTS "rm-core_development"[0m
  ↳ /home/user/.rvm/gems/ruby-2.5.0/bin/rake:23
  [1m[35m (438.6ms)[0m  [1m[35mDROP DATABASE IF EXISTS "rm-core_test"[0m
  ↳ /home/user/.rvm/gems/ruby-2.5.0/bin/rake:23
  [1m[35m (870.9ms)[0m  [1m[35mCREATE DATABASE "rm-core_development" ENCODING = 'unicode'[0m
  ↳ /home/user/.rvm/gems/ruby-2.5.0/bin/rake:23
  [1m[35m (907.6ms)[0m  [1m[35mCREATE DATABASE "rm-core_test" ENCODING = 'unicode'[0m
  ↳ /home/user/.rvm/gems/ruby-2.5.0/bin/rake:23
  [1m[35m (130.9ms)[0m  [1m[35mCREATE TABLE "schema_migrations" ("version" character varying NOT NULL PRIMARY KEY)[0m
  ↳ /home/user/.rvm/gems/ruby-2.5.0/bin/rake:23
  [1m[35m (173.6ms)[0m  [1m[35mCREATE TABLE "ar_internal_metadata" ("key" character varying NOT NULL PRIMARY KEY, "value" character varying, "created_at" timestamp NOT NULL, "updated_at" timestamp NOT NULL)[0m
  ↳ /home/user/.rvm/gems/ruby-2.5.0/bin/rake:23
  [1m[35m (1.0ms)[0m  [1m[34mSELECT pg_try_advisory_lock(183433531958537910)[0m
  ↳ /home/user/.rvm/gems/ruby-2.5.0/bin/rake:23
  [1m[35m (1.8ms)[0m  [1m[34mSELECT "schema_migrations"."version" FROM "schema_migrations" ORDER BY "schema_migrations"."version" ASC[0m
  ↳ /home/user/.rvm/gems/ruby-2.5.0/bin/rake:23
Migrating to CreateGroups (20190813100008)
  [1m[35m (0.7ms)[0m  [1m[35mBEGIN[0m
  ↳ /home/user/.rvm/gems/ruby-2.5.0/bin/rake:23
  [1m[35m (134.8ms)[0m  [1m[35mCREATE TABLE "groups" ("id" bigserial primary key, "name" character varying NOT NULL, "created_at" timestamp NOT NULL, "updated_at" timestamp NOT NULL)[0m
  ↳ db/migrate/20190813100008_create_groups.rb:5
  [1m[36mActiveRecord::SchemaMigration Create (1.7ms)[0m  [1m[32mINSERT INTO "schema_migrations" ("version") VALUES ($1) RETURNING "version"[0m  [["version", "20190813100008"]]
  ↳ /home/user/.rvm/gems/ruby-2.5.0/bin/rake:23
  [1m[35m (3.9ms)[0m  [1m[35mCOMMIT[0m
  ↳ /home/user/.rvm/gems/ruby-2.5.0/bin/rake:23
Migrating to CreateGroupsUsers (20190813100239)
  [1m[35m (0.8ms)[0m  [1m[35mBEGIN[0m
  ↳ /home/user/.rvm/gems/ruby-2.5.0/bin/rake:23
  [1m[35m (56.4ms)[0m  [1m[35mCREATE TABLE "groups_users" ("id" bigserial primary key, "user_id" bigint, "group_id" bigint, "created_at" timestamp NOT NULL, "updated_at" timestamp NOT NULL)[0m
  ↳ db/migrate/20190813100239_create_groups_users.rb:5
  [1m[35m (53.2ms)[0m  [1m[35mCREATE  INDEX  "index_groups_users_on_user_id" ON "groups_users"  ("user_id")[0m
  ↳ db/migrate/20190813100239_create_groups_users.rb:5
  [1m[35m (47.3ms)[0m  [1m[35mCREATE  INDEX  "index_groups_users_on_group_id" ON "groups_users"  ("group_id")[0m
  ↳ db/migrate/20190813100239_create_groups_users.rb:5
  [1m[36mActiveRecord::SchemaMigration Create (1.6ms)[0m  [1m[32mINSERT INTO "schema_migrations" ("version") VALUES ($1) RETURNING "version"[0m  [["version", "20190813100239"]]
  ↳ /home/user/.rvm/gems/ruby-2.5.0/bin/rake:23
  [1m[35m (28.5ms)[0m  [1m[35mCOMMIT[0m
  ↳ /home/user/.rvm/gems/ruby-2.5.0/bin/rake:23
Migrating to CreateUsers (20190813101532)
  [1m[35m (0.6ms)[0m  [1m[35mBEGIN[0m
  ↳ /home/user/.rvm/gems/ruby-2.5.0/bin/rake:23
  [1m[35m (94.4ms)[0m  [1m[35mCREATE TABLE "users" ("id" bigserial primary key, "first_name" character varying NOT NULL, "last_name" character varying NOT NULL, "salary_cents" integer DEFAULT 0, "active" boolean DEFAULT TRUE NOT NULL, "created_at" timestamp NOT NULL, "updated_at" timestamp NOT NULL)[0m
  ↳ db/migrate/20190813101532_create_users.rb:5
  [1m[36mActiveRecord::SchemaMigration Create (1.5ms)[0m  [1m[32mINSERT INTO "schema_migrations" ("version") VALUES ($1) RETURNING "version"[0m  [["version", "20190813101532"]]
  ↳ /home/user/.rvm/gems/ruby-2.5.0/bin/rake:23
  [1m[35m (28.9ms)[0m  [1m[35mCOMMIT[0m
  ↳ /home/user/.rvm/gems/ruby-2.5.0/bin/rake:23
Migrating to AddDeviseToUsers (20190814181616)
  [1m[35m (0.6ms)[0m  [1m[35mBEGIN[0m
  ↳ /home/user/.rvm/gems/ruby-2.5.0/bin/rake:23
  [1m[35m (153.9ms)[0m  [1m[35mALTER TABLE "users" ADD "email" character varying DEFAULT '' NOT NULL[0m
  ↳ db/migrate/20190814181616_add_devise_to_users.rb:7
  [1m[35m (97.2ms)[0m  [1m[35mALTER TABLE "users" ADD "encrypted_password" character varying DEFAULT '' NOT NULL[0m
  ↳ db/migrate/20190814181616_add_devise_to_users.rb:8
  [1m[35m (1.2ms)[0m  [1m[35mALTER TABLE "users" ADD "reset_password_token" character varying[0m
  ↳ db/migrate/20190814181616_add_devise_to_users.rb:11
  [1m[35m (1.0ms)[0m  [1m[35mALTER TABLE "users" ADD "reset_password_sent_at" timestamp[0m
  ↳ db/migrate/20190814181616_add_devise_to_users.rb:12
  [1m[35m (0.9ms)[0m  [1m[35mALTER TABLE "users" ADD "remember_created_at" timestamp[0m
  ↳ db/migrate/20190814181616_add_devise_to_users.rb:15
  [1m[35m (60.5ms)[0m  [1m[35mCREATE UNIQUE INDEX  "index_users_on_email" ON "users"  ("email")[0m
  ↳ db/migrate/20190814181616_add_devise_to_users.rb:40
  [1m[35m (59.2ms)[0m  [1m[35mCREATE UNIQUE INDEX  "index_users_on_reset_password_token" ON "users"  ("reset_password_token")[0m
  ↳ db/migrate/20190814181616_add_devise_to_users.rb:41
  [1m[36mActiveRecord::SchemaMigration Create (0.7ms)[0m  [1m[32mINSERT INTO "schema_migrations" ("version") VALUES ($1) RETURNING "version"[0m  [["version", "20190814181616"]]
  ↳ /home/user/.rvm/gems/ruby-2.5.0/bin/rake:23
  [1m[35m (30.1ms)[0m  [1m[35mCOMMIT[0m
  ↳ /home/user/.rvm/gems/ruby-2.5.0/bin/rake:23
  [1m[36mActiveRecord::InternalMetadata Load (0.8ms)[0m  [1m[34mSELECT  "ar_internal_metadata".* FROM "ar_internal_metadata" WHERE "ar_internal_metadata"."key" = $1 LIMIT $2[0m  [["key", "environment"], ["LIMIT", 1]]
  ↳ /home/user/.rvm/gems/ruby-2.5.0/bin/rake:23
  [1m[35m (0.3ms)[0m  [1m[35mBEGIN[0m
  ↳ /home/user/.rvm/gems/ruby-2.5.0/bin/rake:23
  [1m[36mActiveRecord::InternalMetadata Create (1.1ms)[0m  [1m[32mINSERT INTO "ar_internal_metadata" ("key", "value", "created_at", "updated_at") VALUES ($1, $2, $3, $4) RETURNING "key"[0m  [["key", "environment"], ["value", "development"], ["created_at", "2019-08-14 18:16:24.892733"], ["updated_at", "2019-08-14 18:16:24.892733"]]
  ↳ /home/user/.rvm/gems/ruby-2.5.0/bin/rake:23
  [1m[35m (4.8ms)[0m  [1m[35mCOMMIT[0m
  ↳ /home/user/.rvm/gems/ruby-2.5.0/bin/rake:23
  [1m[35m (0.7ms)[0m  [1m[34mSELECT pg_advisory_unlock(183433531958537910)[0m
  ↳ /home/user/.rvm/gems/ruby-2.5.0/bin/rake:23
  [1m[35m (0.4ms)[0m  [1m[34mSELECT "schema_migrations"."version" FROM "schema_migrations" ORDER BY "schema_migrations"."version" ASC[0m
  ↳ /home/user/.rvm/gems/ruby-2.5.0/bin/rake:23
Started GET "/users/sign_in" for ::1 at 2019-08-14 21:16:50 +0300
  [1m[35m (0.7ms)[0m  [1m[34mSELECT "schema_migrations"."version" FROM "schema_migrations" ORDER BY "schema_migrations"."version" ASC[0m
  ↳ /home/user/.rvm/gems/ruby-2.5.0/gems/activerecord-5.2.3/lib/active_record/log_subscriber.rb:98
Processing by Devise::SessionsController#new as HTML
Completed 200 OK in 29ms (Views: 0.1ms | ActiveRecord: 3.5ms)


Started GET "/users/sign_in" for ::1 at 2019-08-14 21:16:50 +0300
Processing by Devise::SessionsController#new as HTML
Completed 200 OK in 5ms (Views: 0.4ms | ActiveRecord: 0.0ms)


Started GET "/users/sign_in" for ::1 at 2019-08-14 21:16:51 +0300
Processing by Devise::SessionsController#new as HTML
Completed 200 OK in 2ms (Views: 0.2ms | ActiveRecord: 0.0ms)


Started GET "/users/sign_in" for ::1 at 2019-08-14 21:17:15 +0300
Processing by Devise::SessionsController#new as HTML
Completed 200 OK in 3ms (Views: 0.2ms | ActiveRecord: 0.0ms)


Started GET "/admin4" for ::1 at 2019-08-14 21:17:20 +0300
  
ActionController::RoutingError (No route matches [GET] "/admin4"):
  
actionpack (5.2.3) lib/action_dispatch/middleware/debug_exceptions.rb:65:in `call'
actionpack (5.2.3) lib/action_dispatch/middleware/show_exceptions.rb:33:in `call'
railties (5.2.3) lib/rails/rack/logger.rb:38:in `call_app'
railties (5.2.3) lib/rails/rack/logger.rb:26:in `block in call'
activesupport (5.2.3) lib/active_support/tagged_logging.rb:71:in `block in tagged'
activesupport (5.2.3) lib/active_support/tagged_logging.rb:28:in `tagged'
activesupport (5.2.3) lib/active_support/tagged_logging.rb:71:in `tagged'
railties (5.2.3) lib/rails/rack/logger.rb:26:in `call'
actionpack (5.2.3) lib/action_dispatch/middleware/remote_ip.rb:81:in `call'
actionpack (5.2.3) lib/action_dispatch/middleware/request_id.rb:27:in `call'
rack (2.0.7) lib/rack/runtime.rb:22:in `call'
activesupport (5.2.3) lib/active_support/cache/strategy/local_cache_middleware.rb:29:in `call'
actionpack (5.2.3) lib/action_dispatch/middleware/executor.rb:14:in `call'
actionpack (5.2.3) lib/action_dispatch/middleware/static.rb:127:in `call'
rack (2.0.7) lib/rack/sendfile.rb:111:in `call'
railties (5.2.3) lib/rails/engine.rb:524:in `call'
puma (3.12.1) lib/puma/configuration.rb:227:in `call'
puma (3.12.1) lib/puma/server.rb:660:in `handle_request'
puma (3.12.1) lib/puma/server.rb:474:in `process_client'
puma (3.12.1) lib/puma/server.rb:334:in `block in run'
puma (3.12.1) lib/puma/thread_pool.rb:135:in `block in spawn_thread'
Started GET "/admin" for ::1 at 2019-08-14 21:17:23 +0300
Processing by RailsAdmin::MainController#dashboard as HTML
Completed 401 Unauthorized in 1ms (ActiveRecord: 0.0ms)


Started GET "/users/sign_in" for ::1 at 2019-08-14 21:17:23 +0300
Processing by Devise::SessionsController#new as HTML
Completed 200 OK in 1ms (Views: 0.1ms | ActiveRecord: 0.0ms)


Started GET "/admin" for ::1 at 2019-08-14 21:17:37 +0300
  [1m[35m (0.8ms)[0m  [1m[34mSELECT "schema_migrations"."version" FROM "schema_migrations" ORDER BY "schema_migrations"."version" ASC[0m
  ↳ /home/user/.rvm/gems/ruby-2.5.0/gems/activerecord-5.2.3/lib/active_record/log_subscriber.rb:98
Processing by RailsAdmin::MainController#dashboard as HTML
  [1m[35m (0.6ms)[0m  [1m[34mSELECT COUNT(*) FROM "groups"[0m
  ↳ /home/user/.rvm/gems/ruby-2.5.0/bundler/gems/rails_admin-0e92ca43fe77/lib/rails_admin/adapters/active_record.rb:43
  [1m[36mGroup Load (0.3ms)[0m  [1m[34mSELECT  "groups".* FROM "groups" ORDER BY "groups"."id" DESC LIMIT $1[0m  [["LIMIT", 1]]
  ↳ /home/user/.rvm/gems/ruby-2.5.0/bundler/gems/rails_admin-0e92ca43fe77/lib/rails_admin/config/actions/dashboard.rb:34
  [1m[35m (0.7ms)[0m  [1m[34mSELECT COUNT(*) FROM "users"[0m
  ↳ /home/user/.rvm/gems/ruby-2.5.0/bundler/gems/rails_admin-0e92ca43fe77/lib/rails_admin/adapters/active_record.rb:43
  [1m[36mUser Load (0.5ms)[0m  [1m[34mSELECT  "users".* FROM "users" ORDER BY "users"."id" DESC LIMIT $1[0m  [["LIMIT", 1]]
  ↳ /home/user/.rvm/gems/ruby-2.5.0/bundler/gems/rails_admin-0e92ca43fe77/lib/rails_admin/config/actions/dashboard.rb:34
  Rendering /home/user/.rvm/gems/ruby-2.5.0/bundler/gems/rails_admin-0e92ca43fe77/app/views/rails_admin/main/dashboard.html.haml within layouts/rails_admin/application
  Rendered /home/user/.rvm/gems/ruby-2.5.0/bundler/gems/rails_admin-0e92ca43fe77/app/views/rails_admin/main/dashboard.html.haml within layouts/rails_admin/application (20.5ms)
  Rendered /home/user/.rvm/gems/ruby-2.5.0/bundler/gems/rails_admin-0e92ca43fe77/app/views/layouts/rails_admin/_head.html.haml (264.5ms)
  Rendered /home/user/.rvm/gems/ruby-2.5.0/bundler/gems/rails_admin-0e92ca43fe77/app/views/layouts/rails_admin/_secondary_navigation.html.haml (3.7ms)
  Rendered /home/user/.rvm/gems/ruby-2.5.0/bundler/gems/rails_admin-0e92ca43fe77/app/views/layouts/rails_admin/_navigation.html.haml (9.9ms)
  Rendered /home/user/.rvm/gems/ruby-2.5.0/bundler/gems/rails_admin-0e92ca43fe77/app/views/layouts/rails_admin/_sidebar_navigation.html.haml (4.6ms)
  Rendering /home/user/.rvm/gems/ruby-2.5.0/bundler/gems/rails_admin-0e92ca43fe77/app/views/layouts/rails_admin/pjax.html.haml
  Rendered /home/user/.rvm/gems/ruby-2.5.0/bundler/gems/rails_admin-0e92ca43fe77/app/views/layouts/rails_admin/pjax.html.haml (4.4ms)
Completed 200 OK in 667ms (Views: 319.5ms | ActiveRecord: 13.6ms)


Started GET "/users/sign_in" for ::1 at 2019-08-14 21:17:46 +0300
Processing by Devise::SessionsController#new as HTML
Completed 200 OK in 23ms (Views: 0.1ms | ActiveRecord: 0.0ms)


Started GET "/users/sign_in" for ::1 at 2019-08-14 21:36:43 +0300
  [1m[35m (0.5ms)[0m  [1m[34mSELECT "schema_migrations"."version" FROM "schema_migrations" ORDER BY "schema_migrations"."version" ASC[0m
  ↳ /home/user/.rvm/gems/ruby-2.5.0/gems/activerecord-5.2.3/lib/active_record/log_subscriber.rb:98
Processing by Devise::SessionsController#new as HTML
Completed 200 OK in 26ms (Views: 0.1ms | ActiveRecord: 4.0ms)


Started GET "/users/sign_in" for ::1 at 2019-08-14 21:36:44 +0300
Processing by Devise::SessionsController#new as HTML
Completed 200 OK in 8ms (Views: 0.4ms | ActiveRecord: 0.0ms)


Started GET "/users/sign_in" for ::1 at 2019-08-14 21:36:44 +0300
Processing by Devise::SessionsController#new as HTML
Completed 200 OK in 5ms (Views: 0.4ms | ActiveRecord: 0.0ms)


Started GET "/users/sign_in" for ::1 at 2019-08-14 21:36:45 +0300
Processing by Devise::SessionsController#new as HTML
Completed 200 OK in 5ms (Views: 0.4ms | ActiveRecord: 0.0ms)


Started GET "/users/sign_in" for ::1 at 2019-08-14 21:46:12 +0300
  [1m[35m (0.5ms)[0m  [1m[34mSELECT "schema_migrations"."version" FROM "schema_migrations" ORDER BY "schema_migrations"."version" ASC[0m
  ↳ /home/user/.rvm/gems/ruby-2.5.0/gems/activerecord-5.2.3/lib/active_record/log_subscriber.rb:98
Processing by Users::SessionsController#new as HTML
Completed 500 Internal Server Error in 49ms (Views: 0.2ms | ActiveRecord: 4.5ms)


  
AbstractController::DoubleRenderError (Render and/or redirect were called multiple times in this action. Please note that you may only call render OR redirect, and at most once per action. Also note that neither redirect nor render terminate execution of the action, so if you want to exit an action after redirecting, you need to do something like "redirect_to(...) and return".):
  
app/controllers/users/sessions_controller.rb:9:in `new'
Started GET "/users/sign_in" for ::1 at 2019-08-14 21:46:30 +0300
  [1m[35m (2.5ms)[0m  [1m[34mSELECT "schema_migrations"."version" FROM "schema_migrations" ORDER BY "schema_migrations"."version" ASC[0m
  ↳ /home/user/.rvm/gems/ruby-2.5.0/gems/activerecord-5.2.3/lib/active_record/log_subscriber.rb:98
Processing by Users::SessionsController#new as HTML
Completed 200 OK in 15ms (Views: 0.1ms | ActiveRecord: 0.0ms)


Started GET "/users/sign_in" for ::1 at 2019-08-14 21:52:21 +0300
  [1m[35m (0.5ms)[0m  [1m[34mSELECT "schema_migrations"."version" FROM "schema_migrations" ORDER BY "schema_migrations"."version" ASC[0m
  ↳ /home/user/.rvm/gems/ruby-2.5.0/gems/activerecord-5.2.3/lib/active_record/log_subscriber.rb:98
Processing by Users::SessionsController#new as HTML
  Rendering devise/sessions/new.html.erb
  Rendered devise/sessions/new.html.erb (3.1ms)
Completed 500 Internal Server Error in 21ms (ActiveRecord: 0.0ms)


  
ActionView::Template::Error (First argument in form cannot contain nil or be empty):
    1: <h2>Log in</h2>
    2: 
    3: <%= form_for(resource, as: resource_name, url: session_path(resource_name)) do |f| %>
    4:   <div class="field">
    5:     <%= f.label :email %><br />
    6:     <%= f.email_field :email, autofocus: true, autocomplete: "email" %>
  
app/views/devise/sessions/new.html.erb:3:in `_app_views_devise_sessions_new_html_erb___1091373952344468801_47331918729520'
app/controllers/users/sessions_controller.rb:8:in `new'
Started GET "/users/sign_in" for ::1 at 2019-08-14 21:53:00 +0300
Processing by Users::SessionsController#new as HTML
  Rendering devise/sessions/new.html.erb
  Rendered devise/sessions/new.html.erb (3.1ms)
Completed 500 Internal Server Error in 57ms (ActiveRecord: 0.0ms)


  
ActionView::Template::Error (First argument in form cannot contain nil or be empty):
    1: <h2>Log in</h2>
    2: 
    3: <%= form_for(resource, as: resource_name, url: session_path(resource_name)) do |f| %>
    4:   <div class="field">
    5:     <%= f.label :email %><br />
    6:     <%= f.email_field :email, autofocus: true, autocomplete: "email" %>
  
app/views/devise/sessions/new.html.erb:3:in `_app_views_devise_sessions_new_html_erb___1091373952344468801_47331904765440'
app/controllers/users/sessions_controller.rb:8:in `new'
Started GET "/admin" for ::1 at 2019-08-14 21:53:12 +0300
Processing by RailsAdmin::MainController#dashboard as HTML
  [1m[35m (0.4ms)[0m  [1m[34mSELECT COUNT(*) FROM "groups"[0m
  ↳ /home/user/.rvm/gems/ruby-2.5.0/bundler/gems/rails_admin-0e92ca43fe77/lib/rails_admin/adapters/active_record.rb:43
  [1m[36mGroup Load (0.5ms)[0m  [1m[34mSELECT  "groups".* FROM "groups" ORDER BY "groups"."id" DESC LIMIT $1[0m  [["LIMIT", 1]]
  ↳ /home/user/.rvm/gems/ruby-2.5.0/bundler/gems/rails_admin-0e92ca43fe77/lib/rails_admin/config/actions/dashboard.rb:34
  [1m[35m (0.5ms)[0m  [1m[34mSELECT COUNT(*) FROM "users"[0m
  ↳ /home/user/.rvm/gems/ruby-2.5.0/bundler/gems/rails_admin-0e92ca43fe77/lib/rails_admin/adapters/active_record.rb:43
  [1m[36mUser Load (0.4ms)[0m  [1m[34mSELECT  "users".* FROM "users" ORDER BY "users"."id" DESC LIMIT $1[0m  [["LIMIT", 1]]
  ↳ /home/user/.rvm/gems/ruby-2.5.0/bundler/gems/rails_admin-0e92ca43fe77/lib/rails_admin/config/actions/dashboard.rb:34
  Rendering /home/user/.rvm/gems/ruby-2.5.0/bundler/gems/rails_admin-0e92ca43fe77/app/views/rails_admin/main/dashboard.html.haml within layouts/rails_admin/application
  Rendered /home/user/.rvm/gems/ruby-2.5.0/bundler/gems/rails_admin-0e92ca43fe77/app/views/rails_admin/main/dashboard.html.haml within layouts/rails_admin/application (18.3ms)
  Rendered /home/user/.rvm/gems/ruby-2.5.0/bundler/gems/rails_admin-0e92ca43fe77/app/views/layouts/rails_admin/_head.html.haml (282.4ms)
  Rendered /home/user/.rvm/gems/ruby-2.5.0/bundler/gems/rails_admin-0e92ca43fe77/app/views/layouts/rails_admin/_secondary_navigation.html.haml (4.1ms)
  Rendered /home/user/.rvm/gems/ruby-2.5.0/bundler/gems/rails_admin-0e92ca43fe77/app/views/layouts/rails_admin/_navigation.html.haml (10.5ms)
  Rendered /home/user/.rvm/gems/ruby-2.5.0/bundler/gems/rails_admin-0e92ca43fe77/app/views/layouts/rails_admin/_sidebar_navigation.html.haml (5.9ms)
  Rendering /home/user/.rvm/gems/ruby-2.5.0/bundler/gems/rails_admin-0e92ca43fe77/app/views/layouts/rails_admin/pjax.html.haml
  Rendered /home/user/.rvm/gems/ruby-2.5.0/bundler/gems/rails_admin-0e92ca43fe77/app/views/layouts/rails_admin/pjax.html.haml (5.8ms)
Completed 200 OK in 797ms (Views: 338.4ms | ActiveRecord: 12.5ms)


Started GET "/admin" for ::1 at 2019-08-14 21:53:25 +0300
  [1m[35m (0.7ms)[0m  [1m[34mSELECT "schema_migrations"."version" FROM "schema_migrations" ORDER BY "schema_migrations"."version" ASC[0m
  ↳ /home/user/.rvm/gems/ruby-2.5.0/gems/activerecord-5.2.3/lib/active_record/log_subscriber.rb:98
Processing by RailsAdmin::MainController#dashboard as HTML
Completed 401 Unauthorized in 6ms (ActiveRecord: 0.0ms)


Started GET "/users/sign_in" for ::1 at 2019-08-14 21:53:25 +0300
Processing by Users::SessionsController#new as HTML
  Rendering devise/sessions/new.html.erb
  Rendered devise/sessions/new.html.erb (4.7ms)
Completed 500 Internal Server Error in 15ms (ActiveRecord: 0.0ms)


  
ActionView::Template::Error (First argument in form cannot contain nil or be empty):
    1: <h2>Log in</h2>
    2: 
    3: <%= form_for(resource, as: resource_name, url: session_path(resource_name)) do |f| %>
    4:   <div class="field">
    5:     <%= f.label :email %><br />
    6:     <%= f.email_field :email, autofocus: true, autocomplete: "email" %>
  
app/views/devise/sessions/new.html.erb:3:in `_app_views_devise_sessions_new_html_erb___1967167078067772870_46941158010240'
app/controllers/users/sessions_controller.rb:8:in `new'
Started GET "/users/sign_in" for ::1 at 2019-08-14 21:53:27 +0300
Processing by Users::SessionsController#new as HTML
  Rendering devise/sessions/new.html.erb
  Rendered devise/sessions/new.html.erb (5.9ms)
Completed 500 Internal Server Error in 63ms (ActiveRecord: 0.0ms)


  
ActionView::Template::Error (First argument in form cannot contain nil or be empty):
    1: <h2>Log in</h2>
    2: 
    3: <%= form_for(resource, as: resource_name, url: session_path(resource_name)) do |f| %>
    4:   <div class="field">
    5:     <%= f.label :email %><br />
    6:     <%= f.email_field :email, autofocus: true, autocomplete: "email" %>
  
app/views/devise/sessions/new.html.erb:3:in `_app_views_devise_sessions_new_html_erb___1967167078067772870_70118059729900'
app/controllers/users/sessions_controller.rb:8:in `new'
Started GET "/admin" for ::1 at 2019-08-14 21:53:30 +0300
Processing by RailsAdmin::MainController#dashboard as HTML
Completed 401 Unauthorized in 3ms (ActiveRecord: 0.0ms)


Started GET "/users/sign_in" for ::1 at 2019-08-14 21:53:30 +0300
Processing by Users::SessionsController#new as HTML
  Rendering devise/sessions/new.html.erb
  Rendered devise/sessions/new.html.erb (2.2ms)
Completed 500 Internal Server Error in 31ms (ActiveRecord: 0.0ms)


  
ActionView::Template::Error (First argument in form cannot contain nil or be empty):
    1: <h2>Log in</h2>
    2: 
    3: <%= form_for(resource, as: resource_name, url: session_path(resource_name)) do |f| %>
    4:   <div class="field">
    5:     <%= f.label :email %><br />
    6:     <%= f.email_field :email, autofocus: true, autocomplete: "email" %>
  
app/views/devise/sessions/new.html.erb:3:in `_app_views_devise_sessions_new_html_erb___1967167078067772870_46941145739040'
app/controllers/users/sessions_controller.rb:8:in `new'
Started GET "/users/sign_in" for ::1 at 2019-08-14 21:53:31 +0300
Processing by Users::SessionsController#new as HTML
  Rendering devise/sessions/new.html.erb
  Rendered devise/sessions/new.html.erb (1.5ms)
Completed 500 Internal Server Error in 16ms (ActiveRecord: 0.0ms)


  
ActionView::Template::Error (First argument in form cannot contain nil or be empty):
    1: <h2>Log in</h2>
    2: 
    3: <%= form_for(resource, as: resource_name, url: session_path(resource_name)) do |f| %>
    4:   <div class="field">
    5:     <%= f.label :email %><br />
    6:     <%= f.email_field :email, autofocus: true, autocomplete: "email" %>
  
app/views/devise/sessions/new.html.erb:3:in `_app_views_devise_sessions_new_html_erb___1967167078067772870_46941153778120'
app/controllers/users/sessions_controller.rb:8:in `new'
Started GET "/users/sign_in" for ::1 at 2019-08-14 21:54:37 +0300
  [1m[35m (0.6ms)[0m  [1m[34mSELECT "schema_migrations"."version" FROM "schema_migrations" ORDER BY "schema_migrations"."version" ASC[0m
  ↳ /home/user/.rvm/gems/ruby-2.5.0/gems/activerecord-5.2.3/lib/active_record/log_subscriber.rb:98
Processing by Users::SessionsController#new as HTML
  Rendering devise/sessions/new.html.erb
  Rendered devise/shared/_links.html.erb (1.0ms)
  Rendered devise/sessions/new.html.erb (31.6ms)
Completed 200 OK in 67ms (Views: 39.0ms | ActiveRecord: 4.8ms)


Started GET "/users/sign_up" for ::1 at 2019-08-14 21:54:50 +0300
Processing by Devise::RegistrationsController#new as HTML
  Rendering devise/registrations/new.html.erb
  Rendered devise/shared/_error_messages.html.erb (1.6ms)
  Rendered devise/shared/_links.html.erb (2.5ms)
  Rendered devise/registrations/new.html.erb (16.7ms)
Completed 200 OK in 39ms (Views: 35.4ms | ActiveRecord: 0.0ms)


Started GET "/users/sign_in" for ::1 at 2019-08-14 22:02:48 +0300
Processing by Users::SessionsController#new as HTML
  Rendering devise/sessions/new.html.erb
  Rendered devise/shared/_links.html.erb (1.2ms)
  Rendered devise/sessions/new.html.erb (5.0ms)
Completed 200 OK in 14ms (Views: 12.2ms | ActiveRecord: 0.0ms)


